<?xml version="1.0" encoding="UTF-8"?>
<!-- Generated by org.testng.reporters.JUnitReportReporter -->
<testsuite skipped="0" hostname="DESKTOP-LG4283L" name="Test1" tests="1" failures="0" timestamp="18 Apr 2021 11:39:23 GMT" time="16.253" errors="0">
  <testcase name="test1" time="16.253" classname="Test1"/>
</testsuite> <!-- Test1 -->
